生成启动时间为 2018/8/30 16:29:20。
     1>项目“E:\比特作业\C语言\数组知识\数组知识\数组知识.vcxproj”在节点 2 上(Build 个目标)。
     1>ClCompile:
         E:\比特人\VC\bin\CL.exe /c /ZI /nologo /W3 /WX- /sdl /Od /Oy- /D _UNICODE /D UNICODE /Gm /EHsc /RTC1 /MDd /GS /fp:precise /Zc:wchar_t /Zc:forScope /Fo"Debug\\" /Fd"Debug\vc120.pdb" /Gd /TC /analyze- /errorReport:prompt "数组.c"
         数组.c
     1>e:\比特作业\c语言\数组知识\数组知识\数组.c(34): warning C4047: “函数”:“const char *”与“char (*)[6]”的间接级别不同
     1>e:\比特作业\c语言\数组知识\数组知识\数组.c(34): warning C4024: “strlen”: 形参和实参 1 的类型不同
     1>e:\比特作业\c语言\数组知识\数组知识\数组.c(35): warning C4047: “函数”:“const char *”与“char (*)[6]”的间接级别不同
     1>e:\比特作业\c语言\数组知识\数组知识\数组.c(35): warning C4024: “strlen”: 形参和实参 1 的类型不同
     1>e:\比特作业\c语言\数组知识\数组知识\数组.c(55): warning C4047: “函数”:“const char *”与“char **”的间接级别不同
     1>e:\比特作业\c语言\数组知识\数组知识\数组.c(55): warning C4024: “strlen”: 形参和实参 1 的类型不同
     1>e:\比特作业\c语言\数组知识\数组知识\数组.c(56): warning C4047: “函数”:“const char *”与“char **”的间接级别不同
     1>e:\比特作业\c语言\数组知识\数组知识\数组.c(56): warning C4024: “strlen”: 形参和实参 1 的类型不同
     1>e:\比特作业\c语言\数组知识\数组知识\数组.c(69): warning C4013: “system”未定义；假设外部返回 int
       Link:
         E:\比特人\VC\bin\link.exe /ERRORREPORT:PROMPT /OUT:"E:\比特作业\C语言\数组知识\Debug\数组知识.exe" /INCREMENTAL /NOLOGO kernel32.lib user32.lib gdi32.lib winspool.lib comdlg32.lib advapi32.lib shell32.lib ole32.lib oleaut32.lib uuid.lib odbc32.lib odbccp32.lib /MANIFEST /MANIFESTUAC:"level='asInvoker' uiAccess='false'" /manifest:embed /DEBUG /PDB:"E:\比特作业\C语言\数组知识\Debug\数组知识.pdb" /TLBID:1 /DYNAMICBASE /NXCOMPAT /IMPLIB:"E:\比特作业\C语言\数组知识\Debug\数组知识.lib" /MACHINE:X86 "Debug\数组.obj"
         数组知识.vcxproj -> E:\比特作业\C语言\数组知识\Debug\数组知识.exe
     1>已完成生成项目“E:\比特作业\C语言\数组知识\数组知识\数组知识.vcxproj”(Build 个目标)的操作。

生成成功。

已用时间 00:00:03.97
